<?xml version="1.0" encoding="UTF-8"?>
<!-- Generated by org.testng.reporters.JUnitReportReporter -->
<testsuite hostname="LAPTOP-9D6FS8JE" failures="0" tests="1" name="Campaigns.CreateCampaignsShobha" time="11.187" errors="0" timestamp="2024-07-17T23:40:00 IST" skipped="0">
  <testcase classname="Campaigns.CreateCampaignsShobha" name="CreateCampaignsShobhaTest" time="11.187"/>
  <system-out/>
</testsuite> <!-- Campaigns.CreateCampaignsShobha -->
