<?xml version="1.0" encoding="UTF-8"?>
<!-- Generated by org.testng.reporters.JUnitReportReporter -->
<testsuite hostname="LAPTOP-9D6FS8JE" failures="0" tests="1" name="Organization.CreateOrganization" time="12.169" errors="0" timestamp="2024-07-17T23:40:00 IST" skipped="0">
  <testcase classname="Organization.CreateOrganization" name="CreateOrganizationTest" time="12.169"/>
  <system-out/>
</testsuite> <!-- Organization.CreateOrganization -->
