<?xml version="1.0" encoding="UTF-8"?>
<!-- Generated by org.testng.reporters.JUnitReportReporter -->
<testsuite hostname="LAPTOP-9D6FS8JE" failures="0" tests="4" name="Practice.Demo" time="0.018" errors="0" timestamp="2024-07-08T20:21:58 IST" skipped="0">
  <testcase classname="Practice.Demo" name="deleteContactTest" time="0.000"/>
  <system-out/>
  <testcase classname="Practice.Demo" name="createContactTest" time="0.016"/>
  <system-out/>
  <testcase classname="Practice.Demo" name="createContactTest" time="0.001"/>
  <system-out/>
  <testcase classname="Practice.Demo" name="modifyContactTest" time="0.001"/>
  <system-out/>
</testsuite> <!-- Practice.Demo -->
