<?xml version="1.0" encoding="UTF-8"?>
<!-- Generated by org.testng.reporters.JUnitReportReporter -->
<testsuite hostname="LAPTOP-9D6FS8JE" failures="0" tests="1" name="Organization.CreateOrganizationTest" time="19.772" errors="0" timestamp="2024-07-18T20:04:41 IST" skipped="0">
  <testcase classname="Organization.CreateOrganizationTest" name="CreateOrganization" time="19.772"/>
  <system-out/>
</testsuite> <!-- Organization.CreateOrganizationTest -->
