<?xml version="1.0" encoding="UTF-8"?>
<!-- Generated by org.testng.reporters.JUnitReportReporter -->
<testsuite hostname="LAPTOP-9D6FS8JE" failures="0" tests="1" name="Products.CreateProductsTest" time="21.437" errors="0" timestamp="2024-07-18T20:04:41 IST" skipped="0">
  <testcase classname="Products.CreateProductsTest" name="CreateProducts" time="21.437"/>
  <system-out/>
</testsuite> <!-- Products.CreateProductsTest -->
