<?xml version="1.0" encoding="UTF-8"?>
<!-- Generated by org.testng.reporters.JUnitReportReporter -->
<testsuite hostname="LAPTOP-9D6FS8JE" failures="0" tests="1" name="Practice.DataProviderEx1" time="0.000" errors="0" timestamp="2024-07-09T20:30:39 IST" skipped="1">
  <testcase classname="Practice.DataProviderEx1" name="ClickOrganization" time="0.000">
    <skipped/>
  </testcase> <!-- ClickOrganization -->
  <system-out/>
</testsuite> <!-- Practice.DataProviderEx1 -->
