<?xml version="1.0" encoding="UTF-8"?>
<!-- Generated by org.testng.reporters.JUnitReportReporter -->
<testsuite hostname="LAPTOP-9D6FS8JE" failures="0" tests="1" name="Campaigns.CreateCampaignsWithProducts" time="22.988" errors="0" timestamp="2024-07-17T23:40:00 IST" skipped="0">
  <testcase classname="Campaigns.CreateCampaignsWithProducts" name="CreateCampaignsWithProductsTest" time="22.988"/>
  <system-out/>
</testsuite> <!-- Campaigns.CreateCampaignsWithProducts -->
